\BOOKMARK [1][-]{sec:Abstract.1}{Abstract}{}% 1
\BOOKMARK [0][-]{Contents.0}{Contents}{}% 2
\BOOKMARK [0][-]{chapter.1}{Introduction}{}% 3
\BOOKMARK [1][-]{section.1.1}{Problem description}{chapter.1}% 4
\BOOKMARK [1][-]{section.1.2}{Motivation}{chapter.1}% 5
\BOOKMARK [1][-]{section.1.3}{Expected results}{chapter.1}% 6
\BOOKMARK [1][-]{section.1.4}{Structure of the thesis}{chapter.1}% 7
\BOOKMARK [0][-]{chapter.2}{Fundamentals}{}% 8
\BOOKMARK [1][-]{section.2.1}{Medical basics}{chapter.2}% 9
\BOOKMARK [1][-]{section.2.2}{Game design basics}{chapter.2}% 10
\BOOKMARK [1][-]{section.2.3}{Graphics design basics}{chapter.2}% 11
\BOOKMARK [2][-]{subsection.2.3.1}{Psychological impact of aesthetics}{section.2.3}% 12
\BOOKMARK [1][-]{section.2.4}{Motivational theory}{chapter.2}% 13
\BOOKMARK [2][-]{subsection.2.4.1}{Unterkapitel}{section.2.4}% 14
\BOOKMARK [2][-]{subsection.2.4.2}{Abbildungen}{section.2.4}% 15
\BOOKMARK [2][-]{subsection.2.4.3}{Tabellen}{section.2.4}% 16
\BOOKMARK [0][-]{chapter.3}{Konkrete Problemstellung \205 Umfeldbeschreibung}{}% 17
\BOOKMARK [0][-]{chapter.4}{Ergebnisse}{}% 18
\BOOKMARK [0][-]{chapter.5}{Diskussion}{}% 19
\BOOKMARK [0][-]{chapter.6}{Zusammenfassung und Ausblick}{}% 20
\BOOKMARK [0][-]{section*.14}{Bibliography}{}% 21
\BOOKMARK [1][-]{section*.15}{References}{section*.14}% 22
\BOOKMARK [0][-]{appendix.A}{Appendix}{}% 23
